{"E:\\dwork\\todoRedux\\src\\scripts\\index.js": {"path":"E:\\dwork\\todoRedux\\src\\scripts\\index.js","statementMap":{"0":{"start":{"line":10,"column":0},"end":{"line":15,"column":2}}},"fnMap":{},"branchMap":{},"s":{"0":0},"f":{},"b":{}}
,"E:\\dwork\\todoRedux\\src\\scripts\\actions\\actions.js": {"path":"E:\\dwork\\todoRedux\\src\\scripts\\actions\\actions.js","statementMap":{"0":{"start":{"line":5,"column":20},"end":{"line":5,"column":43}},"1":{"start":{"line":7,"column":16},"end":{"line":15,"column":1}},"2":{"start":{"line":8,"column":4},"end":{"line":14,"column":6}},"3":{"start":{"line":17,"column":19},"end":{"line":22,"column":1}},"4":{"start":{"line":18,"column":4},"end":{"line":21,"column":6}},"5":{"start":{"line":24,"column":15},"end":{"line":29,"column":1}},"6":{"start":{"line":25,"column":4},"end":{"line":28,"column":6}},"7":{"start":{"line":31,"column":20},"end":{"line":36,"column":1}},"8":{"start":{"line":32,"column":4},"end":{"line":35,"column":6}},"9":{"start":{"line":38,"column":17},"end":{"line":43,"column":1}},"10":{"start":{"line":39,"column":4},"end":{"line":42,"column":6}},"11":{"start":{"line":45,"column":17},"end":{"line":50,"column":1}},"12":{"start":{"line":46,"column":4},"end":{"line":49,"column":6}},"13":{"start":{"line":52,"column":18},"end":{"line":59,"column":1}},"14":{"start":{"line":53,"column":4},"end":{"line":58,"column":6}},"15":{"start":{"line":61,"column":20},"end":{"line":66,"column":1}},"16":{"start":{"line":62,"column":4},"end":{"line":65,"column":6}},"17":{"start":{"line":74,"column":23},"end":{"line":84,"column":1}},"18":{"start":{"line":75,"column":4},"end":{"line":83,"column":6}},"19":{"start":{"line":76,"column":8},"end":{"line":76,"column":28}},"20":{"start":{"line":78,"column":8},"end":{"line":82,"column":11}},"21":{"start":{"line":79,"column":12},"end":{"line":79,"column":44}},"22":{"start":{"line":81,"column":12},"end":{"line":81,"column":31}}},"fnMap":{"0":{"name":"(anonymous_0)","decl":{"start":{"line":7,"column":16},"end":{"line":7,"column":17}},"loc":{"start":{"line":7,"column":27},"end":{"line":15,"column":1}},"line":7},"1":{"name":"(anonymous_1)","decl":{"start":{"line":17,"column":19},"end":{"line":17,"column":20}},"loc":{"start":{"line":17,"column":27},"end":{"line":22,"column":1}},"line":17},"2":{"name":"(anonymous_2)","decl":{"start":{"line":24,"column":15},"end":{"line":24,"column":16}},"loc":{"start":{"line":24,"column":23},"end":{"line":29,"column":1}},"line":24},"3":{"name":"(anonymous_3)","decl":{"start":{"line":31,"column":20},"end":{"line":31,"column":21}},"loc":{"start":{"line":31,"column":28},"end":{"line":36,"column":1}},"line":31},"4":{"name":"(anonymous_4)","decl":{"start":{"line":38,"column":17},"end":{"line":38,"column":18}},"loc":{"start":{"line":38,"column":26},"end":{"line":43,"column":1}},"line":38},"5":{"name":"(anonymous_5)","decl":{"start":{"line":45,"column":17},"end":{"line":45,"column":18}},"loc":{"start":{"line":45,"column":31},"end":{"line":50,"column":1}},"line":45},"6":{"name":"(anonymous_6)","decl":{"start":{"line":52,"column":18},"end":{"line":52,"column":19}},"loc":{"start":{"line":52,"column":24},"end":{"line":59,"column":1}},"line":52},"7":{"name":"(anonymous_7)","decl":{"start":{"line":61,"column":20},"end":{"line":61,"column":21}},"loc":{"start":{"line":61,"column":34},"end":{"line":66,"column":1}},"line":61},"8":{"name":"(anonymous_8)","decl":{"start":{"line":74,"column":23},"end":{"line":74,"column":24}},"loc":{"start":{"line":74,"column":37},"end":{"line":84,"column":1}},"line":74},"9":{"name":"(anonymous_9)","decl":{"start":{"line":75,"column":11},"end":{"line":75,"column":12}},"loc":{"start":{"line":75,"column":25},"end":{"line":83,"column":5}},"line":75},"10":{"name":"(anonymous_10)","decl":{"start":{"line":78,"column":38},"end":{"line":78,"column":39}},"loc":{"start":{"line":78,"column":52},"end":{"line":80,"column":9}},"line":78},"11":{"name":"(anonymous_11)","decl":{"start":{"line":80,"column":17},"end":{"line":80,"column":18}},"loc":{"start":{"line":80,"column":28},"end":{"line":82,"column":9}},"line":80}},"branchMap":{},"s":{"0":0,"1":0,"2":0,"3":0,"4":0,"5":0,"6":0,"7":0,"8":0,"9":0,"10":0,"11":0,"12":0,"13":0,"14":0,"15":0,"16":0,"17":0,"18":0,"19":0,"20":0,"21":0,"22":0},"f":{"0":0,"1":0,"2":0,"3":0,"4":0,"5":0,"6":0,"7":0,"8":0,"9":0,"10":0,"11":0},"b":{}}
,"E:\\dwork\\todoRedux\\src\\scripts\\actions\\index.js": {"path":"E:\\dwork\\todoRedux\\src\\scripts\\actions\\index.js","statementMap":{},"fnMap":{},"branchMap":{},"s":{},"f":{},"b":{}}
,"E:\\dwork\\todoRedux\\src\\scripts\\components\\app\\App.js": {"path":"E:\\dwork\\todoRedux\\src\\scripts\\components\\app\\App.js","statementMap":{"0":{"start":{"line":9,"column":8},"end":{"line":27,"column":10}}},"fnMap":{"0":{"name":"(anonymous_0)","decl":{"start":{"line":8,"column":4},"end":{"line":8,"column":5}},"loc":{"start":{"line":8,"column":13},"end":{"line":28,"column":5}},"line":8}},"branchMap":{},"s":{"0":0},"f":{"0":0},"b":{}}
,"E:\\dwork\\todoRedux\\src\\scripts\\components\\app\\index.js": {"path":"E:\\dwork\\todoRedux\\src\\scripts\\components\\app\\index.js","statementMap":{},"fnMap":{},"branchMap":{},"s":{},"f":{},"b":{}}
,"E:\\dwork\\todoRedux\\src\\scripts\\components\\app-header\\AppHeader.js": {"path":"E:\\dwork\\todoRedux\\src\\scripts\\components\\app-header\\AppHeader.js","statementMap":{"0":{"start":{"line":8,"column":18},"end":{"line":39,"column":1}},"1":{"start":{"line":9,"column":4},"end":{"line":38,"column":6}},"2":{"start":{"line":41,"column":0},"end":{"line":44,"column":2}},"3":{"start":{"line":46,"column":0},"end":{"line":49,"column":2}},"4":{"start":{"line":51,"column":24},"end":{"line":59,"column":1}},"5":{"start":{"line":52,"column":22},"end":{"line":54,"column":13}},"6":{"start":{"line":53,"column":8},"end":{"line":53,"column":25}},"7":{"start":{"line":55,"column":4},"end":{"line":58,"column":6}}},"fnMap":{"0":{"name":"(anonymous_0)","decl":{"start":{"line":8,"column":18},"end":{"line":8,"column":19}},"loc":{"start":{"line":8,"column":38},"end":{"line":39,"column":1}},"line":8},"1":{"name":"(anonymous_1)","decl":{"start":{"line":51,"column":24},"end":{"line":51,"column":25}},"loc":{"start":{"line":51,"column":42},"end":{"line":59,"column":1}},"line":51},"2":{"name":"(anonymous_2)","decl":{"start":{"line":52,"column":38},"end":{"line":52,"column":39}},"loc":{"start":{"line":52,"column":48},"end":{"line":54,"column":5}},"line":52}},"branchMap":{},"s":{"0":0,"1":0,"2":0,"3":0,"4":0,"5":0,"6":0,"7":0},"f":{"0":0,"1":0,"2":0},"b":{}}
,"E:\\dwork\\todoRedux\\src\\scripts\\components\\app-header\\index.js": {"path":"E:\\dwork\\todoRedux\\src\\scripts\\components\\app-header\\index.js","statementMap":{},"fnMap":{},"branchMap":{},"s":{},"f":{},"b":{}}
,"E:\\dwork\\todoRedux\\src\\scripts\\components\\error-catcher\\ErrorCatcher.js": {"path":"E:\\dwork\\todoRedux\\src\\scripts\\components\\error-catcher\\ErrorCatcher.js","statementMap":{"0":{"start":{"line":16,"column":8},"end":{"line":16,"column":21}},"1":{"start":{"line":17,"column":8},"end":{"line":19,"column":10}},"2":{"start":{"line":23,"column":8},"end":{"line":23,"column":27}},"3":{"start":{"line":24,"column":8},"end":{"line":26,"column":10}},"4":{"start":{"line":36,"column":26},"end":{"line":36,"column":36}},"5":{"start":{"line":37,"column":8},"end":{"line":41,"column":9}},"6":{"start":{"line":38,"column":12},"end":{"line":40,"column":14}},"7":{"start":{"line":43,"column":8},"end":{"line":43,"column":35}}},"fnMap":{"0":{"name":"(anonymous_0)","decl":{"start":{"line":15,"column":4},"end":{"line":15,"column":5}},"loc":{"start":{"line":15,"column":23},"end":{"line":20,"column":5}},"line":15},"1":{"name":"(anonymous_1)","decl":{"start":{"line":22,"column":4},"end":{"line":22,"column":5}},"loc":{"start":{"line":22,"column":43},"end":{"line":27,"column":5}},"line":22},"2":{"name":"(anonymous_2)","decl":{"start":{"line":35,"column":4},"end":{"line":35,"column":5}},"loc":{"start":{"line":35,"column":13},"end":{"line":44,"column":5}},"line":35}},"branchMap":{"0":{"loc":{"start":{"line":37,"column":8},"end":{"line":41,"column":9}},"type":"if","locations":[{"start":{"line":37,"column":8},"end":{"line":41,"column":9}},{"start":{"line":37,"column":8},"end":{"line":41,"column":9}}],"line":37}},"s":{"0":0,"1":0,"2":0,"3":0,"4":0,"5":0,"6":0,"7":0},"f":{"0":0,"1":0,"2":0},"b":{"0":[0,0]}}
,"E:\\dwork\\todoRedux\\src\\scripts\\components\\error-catcher\\index.js": {"path":"E:\\dwork\\todoRedux\\src\\scripts\\components\\error-catcher\\index.js","statementMap":{},"fnMap":{},"branchMap":{},"s":{},"f":{},"b":{}}
,"E:\\dwork\\todoRedux\\src\\scripts\\components\\error-handler\\ErrorHandler.js": {"path":"E:\\dwork\\todoRedux\\src\\scripts\\components\\error-handler\\ErrorHandler.js","statementMap":{"0":{"start":{"line":4,"column":21},"end":{"line":27,"column":1}},"1":{"start":{"line":5,"column":4},"end":{"line":26,"column":6}}},"fnMap":{"0":{"name":"(anonymous_0)","decl":{"start":{"line":4,"column":21},"end":{"line":4,"column":22}},"loc":{"start":{"line":4,"column":27},"end":{"line":27,"column":1}},"line":4}},"branchMap":{},"s":{"0":1,"1":2},"f":{"0":2},"b":{},"_coverageSchema":"43e27e138ebf9cfc5966b082cf9a028302ed4184","hash":"23a5d12103520241ad19e1dd9d65b28ce568a555"}
,"E:\\dwork\\todoRedux\\src\\scripts\\components\\error-handler\\index.js": {"path":"E:\\dwork\\todoRedux\\src\\scripts\\components\\error-handler\\index.js","statementMap":{},"fnMap":{},"branchMap":{},"s":{},"f":{},"b":{},"_coverageSchema":"43e27e138ebf9cfc5966b082cf9a028302ed4184","hash":"1c53f8613b2f21213141f61d9464f697c61f9cfd"}
,"E:\\dwork\\todoRedux\\src\\scripts\\components\\item-add-form\\ItemAddForm.js": {"path":"E:\\dwork\\todoRedux\\src\\scripts\\components\\item-add-form\\ItemAddForm.js","statementMap":{"0":{"start":{"line":8,"column":20},"end":{"line":37,"column":1}},"1":{"start":{"line":8,"column":43},"end":{"line":8,"column":52}},"2":{"start":{"line":10,"column":19},"end":{"line":18,"column":5}},"3":{"start":{"line":11,"column":8},"end":{"line":11,"column":27}},"4":{"start":{"line":12,"column":8},"end":{"line":14,"column":9}},"5":{"start":{"line":13,"column":12},"end":{"line":13,"column":24}},"6":{"start":{"line":15,"column":8},"end":{"line":15,"column":41}},"7":{"start":{"line":16,"column":8},"end":{"line":16,"column":27}},"8":{"start":{"line":17,"column":8},"end":{"line":17,"column":20}},"9":{"start":{"line":19,"column":4},"end":{"line":36,"column":6}},"10":{"start":{"line":22,"column":34},"end":{"line":22,"column":50}},"11":{"start":{"line":40,"column":0},"end":{"line":42,"column":2}},"12":{"start":{"line":41,"column":23},"end":{"line":41,"column":32}},"13":{"start":{"line":44,"column":0},"end":{"line":46,"column":2}}},"fnMap":{"0":{"name":"(anonymous_0)","decl":{"start":{"line":8,"column":20},"end":{"line":8,"column":21}},"loc":{"start":{"line":8,"column":61},"end":{"line":37,"column":1}},"line":8},"1":{"name":"(anonymous_1)","decl":{"start":{"line":8,"column":34},"end":{"line":8,"column":35}},"loc":{"start":{"line":8,"column":41},"end":{"line":8,"column":54}},"line":8},"2":{"name":"(anonymous_2)","decl":{"start":{"line":10,"column":19},"end":{"line":10,"column":20}},"loc":{"start":{"line":10,"column":26},"end":{"line":18,"column":5}},"line":10},"3":{"name":"(anonymous_3)","decl":{"start":{"line":22,"column":21},"end":{"line":22,"column":22}},"loc":{"start":{"line":22,"column":32},"end":{"line":22,"column":52}},"line":22},"4":{"name":"(anonymous_4)","decl":{"start":{"line":41,"column":14},"end":{"line":41,"column":15}},"loc":{"start":{"line":41,"column":21},"end":{"line":41,"column":34}},"line":41}},"branchMap":{"0":{"loc":{"start":{"line":8,"column":23},"end":{"line":8,"column":54}},"type":"default-arg","locations":[{"start":{"line":8,"column":34},"end":{"line":8,"column":54}}],"line":8},"1":{"loc":{"start":{"line":12,"column":8},"end":{"line":14,"column":9}},"type":"if","locations":[{"start":{"line":12,"column":8},"end":{"line":14,"column":9}},{"start":{"line":12,"column":8},"end":{"line":14,"column":9}}],"line":12}},"s":{"0":0,"1":0,"2":0,"3":0,"4":0,"5":0,"6":0,"7":0,"8":0,"9":0,"10":0,"11":0,"12":0,"13":0},"f":{"0":0,"1":0,"2":0,"3":0,"4":0},"b":{"0":[0],"1":[0,0]}}
,"E:\\dwork\\todoRedux\\src\\scripts\\components\\item-add-form\\index.js": {"path":"E:\\dwork\\todoRedux\\src\\scripts\\components\\item-add-form\\index.js","statementMap":{},"fnMap":{},"branchMap":{},"s":{},"f":{},"b":{}}
,"E:\\dwork\\todoRedux\\src\\scripts\\components\\item-status-filter\\ItemStatusFilter.js": {"path":"E:\\dwork\\todoRedux\\src\\scripts\\components\\item-status-filter\\ItemStatusFilter.js","statementMap":{"0":{"start":{"line":8,"column":25},"end":{"line":44,"column":1}},"1":{"start":{"line":9,"column":17},"end":{"line":22,"column":5}},"2":{"start":{"line":24,"column":20},"end":{"line":37,"column":6}},"3":{"start":{"line":25,"column":22},"end":{"line":25,"column":80}},"4":{"start":{"line":26,"column":8},"end":{"line":36,"column":10}},"5":{"start":{"line":31,"column":33},"end":{"line":31,"column":48}},"6":{"start":{"line":39,"column":4},"end":{"line":43,"column":6}},"7":{"start":{"line":46,"column":0},"end":{"line":49,"column":2}},"8":{"start":{"line":47,"column":23},"end":{"line":47,"column":32}},"9":{"start":{"line":51,"column":0},"end":{"line":54,"column":2}},"10":{"start":{"line":56,"column":24},"end":{"line":60,"column":1}},"11":{"start":{"line":57,"column":4},"end":{"line":59,"column":6}},"12":{"start":{"line":62,"column":27},"end":{"line":68,"column":1}},"13":{"start":{"line":63,"column":4},"end":{"line":67,"column":6}},"14":{"start":{"line":65,"column":12},"end":{"line":65,"column":48}}},"fnMap":{"0":{"name":"(anonymous_0)","decl":{"start":{"line":8,"column":25},"end":{"line":8,"column":26}},"loc":{"start":{"line":8,"column":53},"end":{"line":44,"column":1}},"line":8},"1":{"name":"(anonymous_1)","decl":{"start":{"line":24,"column":29},"end":{"line":24,"column":30}},"loc":{"start":{"line":24,"column":50},"end":{"line":37,"column":5}},"line":24},"2":{"name":"(anonymous_2)","decl":{"start":{"line":31,"column":25},"end":{"line":31,"column":26}},"loc":{"start":{"line":31,"column":31},"end":{"line":31,"column":50}},"line":31},"3":{"name":"(anonymous_3)","decl":{"start":{"line":47,"column":14},"end":{"line":47,"column":15}},"loc":{"start":{"line":47,"column":21},"end":{"line":47,"column":34}},"line":47},"4":{"name":"(anonymous_4)","decl":{"start":{"line":56,"column":24},"end":{"line":56,"column":25}},"loc":{"start":{"line":56,"column":42},"end":{"line":60,"column":1}},"line":56},"5":{"name":"(anonymous_5)","decl":{"start":{"line":62,"column":27},"end":{"line":62,"column":28}},"loc":{"start":{"line":62,"column":41},"end":{"line":68,"column":1}},"line":62},"6":{"name":"(anonymous_6)","decl":{"start":{"line":64,"column":18},"end":{"line":64,"column":19}},"loc":{"start":{"line":64,"column":32},"end":{"line":66,"column":9}},"line":64}},"branchMap":{"0":{"loc":{"start":{"line":25,"column":22},"end":{"line":25,"column":80}},"type":"cond-expr","locations":[{"start":{"line":25,"column":44},"end":{"line":25,"column":54}},{"start":{"line":25,"column":57},"end":{"line":25,"column":80}}],"line":25}},"s":{"0":0,"1":0,"2":0,"3":0,"4":0,"5":0,"6":0,"7":0,"8":0,"9":0,"10":0,"11":0,"12":0,"13":0,"14":0},"f":{"0":0,"1":0,"2":0,"3":0,"4":0,"5":0,"6":0},"b":{"0":[0,0]}}
,"E:\\dwork\\todoRedux\\src\\scripts\\components\\item-status-filter\\index.js": {"path":"E:\\dwork\\todoRedux\\src\\scripts\\components\\item-status-filter\\index.js","statementMap":{},"fnMap":{},"branchMap":{},"s":{},"f":{},"b":{}}
,"E:\\dwork\\todoRedux\\src\\scripts\\components\\pages\\TodoPage.js": {"path":"E:\\dwork\\todoRedux\\src\\scripts\\components\\pages\\TodoPage.js","statementMap":{"0":{"start":{"line":6,"column":17},"end":{"line":14,"column":1}},"1":{"start":{"line":7,"column":4},"end":{"line":13,"column":6}}},"fnMap":{"0":{"name":"(anonymous_0)","decl":{"start":{"line":6,"column":17},"end":{"line":6,"column":18}},"loc":{"start":{"line":6,"column":23},"end":{"line":14,"column":1}},"line":6}},"branchMap":{},"s":{"0":0,"1":0},"f":{"0":0},"b":{}}
,"E:\\dwork\\todoRedux\\src\\scripts\\components\\pages\\WeatherPage.js": {"path":"E:\\dwork\\todoRedux\\src\\scripts\\components\\pages\\WeatherPage.js","statementMap":{"0":{"start":{"line":11,"column":20},"end":{"line":32,"column":1}},"1":{"start":{"line":18,"column":4},"end":{"line":22,"column":5}},"2":{"start":{"line":19,"column":8},"end":{"line":21,"column":10}},"3":{"start":{"line":24,"column":4},"end":{"line":31,"column":6}},"4":{"start":{"line":34,"column":0},"end":{"line":39,"column":2}},"5":{"start":{"line":41,"column":0},"end":{"line":46,"column":2}},"6":{"start":{"line":48,"column":24},"end":{"line":53,"column":1}},"7":{"start":{"line":49,"column":4},"end":{"line":52,"column":6}}},"fnMap":{"0":{"name":"(anonymous_0)","decl":{"start":{"line":11,"column":20},"end":{"line":11,"column":21}},"loc":{"start":{"line":11,"column":43},"end":{"line":32,"column":1}},"line":11},"1":{"name":"(anonymous_1)","decl":{"start":{"line":48,"column":24},"end":{"line":48,"column":25}},"loc":{"start":{"line":48,"column":60},"end":{"line":53,"column":1}},"line":48}},"branchMap":{"0":{"loc":{"start":{"line":18,"column":4},"end":{"line":22,"column":5}},"type":"if","locations":[{"start":{"line":18,"column":4},"end":{"line":22,"column":5}},{"start":{"line":18,"column":4},"end":{"line":22,"column":5}}],"line":18}},"s":{"0":0,"1":0,"2":0,"3":0,"4":0,"5":0,"6":0,"7":0},"f":{"0":0,"1":0},"b":{"0":[0,0]}}
,"E:\\dwork\\todoRedux\\src\\scripts\\components\\pages\\index.js": {"path":"E:\\dwork\\todoRedux\\src\\scripts\\components\\pages\\index.js","statementMap":{},"fnMap":{},"branchMap":{},"s":{},"f":{},"b":{}}
,"E:\\dwork\\todoRedux\\src\\scripts\\components\\search-panel\\SearchPanel.js": {"path":"E:\\dwork\\todoRedux\\src\\scripts\\components\\search-panel\\SearchPanel.js","statementMap":{"0":{"start":{"line":9,"column":20},"end":{"line":24,"column":1}},"1":{"start":{"line":10,"column":25},"end":{"line":12,"column":5}},"2":{"start":{"line":11,"column":8},"end":{"line":11,"column":33}},"3":{"start":{"line":13,"column":4},"end":{"line":23,"column":6}},"4":{"start":{"line":26,"column":0},"end":{"line":28,"column":2}},"5":{"start":{"line":27,"column":23},"end":{"line":27,"column":32}},"6":{"start":{"line":30,"column":0},"end":{"line":32,"column":2}},"7":{"start":{"line":34,"column":27},"end":{"line":40,"column":1}},"8":{"start":{"line":35,"column":4},"end":{"line":39,"column":6}},"9":{"start":{"line":37,"column":12},"end":{"line":37,"column":43}}},"fnMap":{"0":{"name":"(anonymous_0)","decl":{"start":{"line":9,"column":20},"end":{"line":9,"column":21}},"loc":{"start":{"line":9,"column":38},"end":{"line":24,"column":1}},"line":9},"1":{"name":"(anonymous_1)","decl":{"start":{"line":10,"column":25},"end":{"line":10,"column":26}},"loc":{"start":{"line":10,"column":32},"end":{"line":12,"column":5}},"line":10},"2":{"name":"(anonymous_2)","decl":{"start":{"line":27,"column":14},"end":{"line":27,"column":15}},"loc":{"start":{"line":27,"column":21},"end":{"line":27,"column":34}},"line":27},"3":{"name":"(anonymous_3)","decl":{"start":{"line":34,"column":27},"end":{"line":34,"column":28}},"loc":{"start":{"line":34,"column":41},"end":{"line":40,"column":1}},"line":34},"4":{"name":"(anonymous_4)","decl":{"start":{"line":36,"column":18},"end":{"line":36,"column":19}},"loc":{"start":{"line":36,"column":27},"end":{"line":38,"column":9}},"line":36}},"branchMap":{},"s":{"0":0,"1":0,"2":0,"3":0,"4":0,"5":0,"6":0,"7":0,"8":0,"9":0},"f":{"0":0,"1":0,"2":0,"3":0,"4":0},"b":{}}
,"E:\\dwork\\todoRedux\\src\\scripts\\components\\search-panel\\index.js": {"path":"E:\\dwork\\todoRedux\\src\\scripts\\components\\search-panel\\index.js","statementMap":{},"fnMap":{},"branchMap":{},"s":{},"f":{},"b":{}}
,"E:\\dwork\\todoRedux\\src\\scripts\\components\\spinner\\Spinner.js": {"path":"E:\\dwork\\todoRedux\\src\\scripts\\components\\spinner\\Spinner.js","statementMap":{"0":{"start":{"line":4,"column":16},"end":{"line":21,"column":1}},"1":{"start":{"line":5,"column":4},"end":{"line":20,"column":6}}},"fnMap":{"0":{"name":"(anonymous_0)","decl":{"start":{"line":4,"column":16},"end":{"line":4,"column":17}},"loc":{"start":{"line":4,"column":22},"end":{"line":21,"column":1}},"line":4}},"branchMap":{},"s":{"0":1,"1":1},"f":{"0":1},"b":{},"_coverageSchema":"43e27e138ebf9cfc5966b082cf9a028302ed4184","hash":"71f982e96023a4aa701583b544851bd18be25aff"}
,"E:\\dwork\\todoRedux\\src\\scripts\\components\\spinner\\index.js": {"path":"E:\\dwork\\todoRedux\\src\\scripts\\components\\spinner\\index.js","statementMap":{},"fnMap":{},"branchMap":{},"s":{},"f":{},"b":{},"_coverageSchema":"43e27e138ebf9cfc5966b082cf9a028302ed4184","hash":"1e9d4860a1baea65585b5f42d8ea3345823df690"}
,"E:\\dwork\\todoRedux\\src\\scripts\\components\\styled-components\\StyledButton.js": {"path":"E:\\dwork\\todoRedux\\src\\scripts\\components\\styled-components\\StyledButton.js","statementMap":{"0":{"start":{"line":3,"column":21},"end":{"line":24,"column":1}},"1":{"start":{"line":4,"column":4},"end":{"line":6,"column":6}}},"fnMap":{"0":{"name":"(anonymous_0)","decl":{"start":{"line":3,"column":41},"end":{"line":3,"column":42}},"loc":{"start":{"line":3,"column":61},"end":{"line":7,"column":1}},"line":3}},"branchMap":{"0":{"loc":{"start":{"line":5,"column":15},"end":{"line":5,"column":36}},"type":"binary-expr","locations":[{"start":{"line":5,"column":15},"end":{"line":5,"column":25}},{"start":{"line":5,"column":29},"end":{"line":5,"column":36}}],"line":5}},"s":{"0":0,"1":0},"f":{"0":0},"b":{"0":[0,0]}}
,"E:\\dwork\\todoRedux\\src\\scripts\\components\\styled-components\\StyledErrorMessage.js": {"path":"E:\\dwork\\todoRedux\\src\\scripts\\components\\styled-components\\StyledErrorMessage.js","statementMap":{"0":{"start":{"line":3,"column":27},"end":{"line":22,"column":1}}},"fnMap":{},"branchMap":{},"s":{"0":0},"f":{},"b":{}}
,"E:\\dwork\\todoRedux\\src\\scripts\\components\\styled-components\\StyledForm.js": {"path":"E:\\dwork\\todoRedux\\src\\scripts\\components\\styled-components\\StyledForm.js","statementMap":{"0":{"start":{"line":4,"column":19},"end":{"line":20,"column":1}},"1":{"start":{"line":5,"column":4},"end":{"line":8,"column":6}},"2":{"start":{"line":15,"column":8},"end":{"line":15,"column":28}},"3":{"start":{"line":18,"column":8},"end":{"line":18,"column":37}}},"fnMap":{"0":{"name":"(anonymous_0)","decl":{"start":{"line":4,"column":37},"end":{"line":4,"column":38}},"loc":{"start":{"line":4,"column":56},"end":{"line":9,"column":1}},"line":4},"1":{"name":"(anonymous_1)","decl":{"start":{"line":14,"column":21},"end":{"line":14,"column":22}},"loc":{"start":{"line":14,"column":32},"end":{"line":16,"column":5}},"line":14},"2":{"name":"(anonymous_2)","decl":{"start":{"line":17,"column":24},"end":{"line":17,"column":25}},"loc":{"start":{"line":17,"column":35},"end":{"line":19,"column":5}},"line":17}},"branchMap":{"0":{"loc":{"start":{"line":7,"column":25},"end":{"line":7,"column":58}},"type":"binary-expr","locations":[{"start":{"line":7,"column":25},"end":{"line":7,"column":34}},{"start":{"line":7,"column":38},"end":{"line":7,"column":58}}],"line":7}},"s":{"0":0,"1":0,"2":0,"3":0},"f":{"0":0,"1":0,"2":0},"b":{"0":[0,0]}}
,"E:\\dwork\\todoRedux\\src\\scripts\\components\\styled-components\\index.js": {"path":"E:\\dwork\\todoRedux\\src\\scripts\\components\\styled-components\\index.js","statementMap":{},"fnMap":{},"branchMap":{},"s":{},"f":{},"b":{}}
,"E:\\dwork\\todoRedux\\src\\scripts\\components\\todo-list\\TodoList.js": {"path":"E:\\dwork\\todoRedux\\src\\scripts\\components\\todo-list\\TodoList.js","statementMap":{"0":{"start":{"line":10,"column":17},"end":{"line":30,"column":1}},"1":{"start":{"line":11,"column":21},"end":{"line":23,"column":6}},"2":{"start":{"line":12,"column":40},"end":{"line":12,"column":47}},"3":{"start":{"line":13,"column":8},"end":{"line":22,"column":10}},"4":{"start":{"line":17,"column":38},"end":{"line":17,"column":51}},"5":{"start":{"line":18,"column":36},"end":{"line":18,"column":47}},"6":{"start":{"line":19,"column":41},"end":{"line":19,"column":57}},"7":{"start":{"line":25,"column":4},"end":{"line":29,"column":6}},"8":{"start":{"line":32,"column":0},"end":{"line":37,"column":2}},"9":{"start":{"line":34,"column":23},"end":{"line":34,"column":32}},"10":{"start":{"line":35,"column":21},"end":{"line":35,"column":30}},"11":{"start":{"line":36,"column":26},"end":{"line":36,"column":35}},"12":{"start":{"line":39,"column":0},"end":{"line":50,"column":2}},"13":{"start":{"line":52,"column":24},"end":{"line":56,"column":1}},"14":{"start":{"line":53,"column":4},"end":{"line":55,"column":6}},"15":{"start":{"line":58,"column":27},"end":{"line":70,"column":1}},"16":{"start":{"line":59,"column":4},"end":{"line":69,"column":6}},"17":{"start":{"line":61,"column":12},"end":{"line":61,"column":44}},"18":{"start":{"line":64,"column":12},"end":{"line":64,"column":40}},"19":{"start":{"line":67,"column":12},"end":{"line":67,"column":45}}},"fnMap":{"0":{"name":"(anonymous_0)","decl":{"start":{"line":10,"column":17},"end":{"line":10,"column":18}},"loc":{"start":{"line":10,"column":63},"end":{"line":30,"column":1}},"line":10},"1":{"name":"(anonymous_1)","decl":{"start":{"line":11,"column":31},"end":{"line":11,"column":32}},"loc":{"start":{"line":11,"column":44},"end":{"line":23,"column":5}},"line":11},"2":{"name":"(anonymous_2)","decl":{"start":{"line":17,"column":30},"end":{"line":17,"column":31}},"loc":{"start":{"line":17,"column":36},"end":{"line":17,"column":53}},"line":17},"3":{"name":"(anonymous_3)","decl":{"start":{"line":18,"column":28},"end":{"line":18,"column":29}},"loc":{"start":{"line":18,"column":34},"end":{"line":18,"column":49}},"line":18},"4":{"name":"(anonymous_4)","decl":{"start":{"line":19,"column":33},"end":{"line":19,"column":34}},"loc":{"start":{"line":19,"column":39},"end":{"line":19,"column":59}},"line":19},"5":{"name":"(anonymous_5)","decl":{"start":{"line":34,"column":14},"end":{"line":34,"column":15}},"loc":{"start":{"line":34,"column":21},"end":{"line":34,"column":34}},"line":34},"6":{"name":"(anonymous_6)","decl":{"start":{"line":35,"column":12},"end":{"line":35,"column":13}},"loc":{"start":{"line":35,"column":19},"end":{"line":35,"column":32}},"line":35},"7":{"name":"(anonymous_7)","decl":{"start":{"line":36,"column":17},"end":{"line":36,"column":18}},"loc":{"start":{"line":36,"column":24},"end":{"line":36,"column":37}},"line":36},"8":{"name":"(anonymous_8)","decl":{"start":{"line":52,"column":24},"end":{"line":52,"column":25}},"loc":{"start":{"line":52,"column":65},"end":{"line":56,"column":1}},"line":52},"9":{"name":"(anonymous_9)","decl":{"start":{"line":58,"column":27},"end":{"line":58,"column":28}},"loc":{"start":{"line":58,"column":41},"end":{"line":70,"column":1}},"line":58},"10":{"name":"(anonymous_10)","decl":{"start":{"line":60,"column":18},"end":{"line":60,"column":19}},"loc":{"start":{"line":60,"column":26},"end":{"line":62,"column":9}},"line":60},"11":{"name":"(anonymous_11)","decl":{"start":{"line":63,"column":16},"end":{"line":63,"column":17}},"loc":{"start":{"line":63,"column":24},"end":{"line":65,"column":9}},"line":63},"12":{"name":"(anonymous_12)","decl":{"start":{"line":66,"column":21},"end":{"line":66,"column":22}},"loc":{"start":{"line":66,"column":29},"end":{"line":68,"column":9}},"line":66}},"branchMap":{},"s":{"0":0,"1":0,"2":0,"3":0,"4":0,"5":0,"6":0,"7":0,"8":0,"9":0,"10":0,"11":0,"12":0,"13":0,"14":0,"15":0,"16":0,"17":0,"18":0,"19":0},"f":{"0":0,"1":0,"2":0,"3":0,"4":0,"5":0,"6":0,"7":0,"8":0,"9":0,"10":0,"11":0,"12":0},"b":{}}
,"E:\\dwork\\todoRedux\\src\\scripts\\components\\todo-list\\index.js": {"path":"E:\\dwork\\todoRedux\\src\\scripts\\components\\todo-list\\index.js","statementMap":{},"fnMap":{},"branchMap":{},"s":{},"f":{},"b":{}}
,"E:\\dwork\\todoRedux\\src\\scripts\\components\\todo-list-item\\TodoListItem.js": {"path":"E:\\dwork\\todoRedux\\src\\scripts\\components\\todo-list-item\\TodoListItem.js","statementMap":{"0":{"start":{"line":6,"column":21},"end":{"line":31,"column":1}},"1":{"start":{"line":9,"column":21},"end":{"line":9,"column":45}},"2":{"start":{"line":10,"column":4},"end":{"line":12,"column":5}},"3":{"start":{"line":11,"column":8},"end":{"line":11,"column":30}},"4":{"start":{"line":13,"column":4},"end":{"line":15,"column":5}},"5":{"start":{"line":14,"column":8},"end":{"line":14,"column":35}},"6":{"start":{"line":16,"column":4},"end":{"line":30,"column":6}},"7":{"start":{"line":33,"column":0},"end":{"line":45,"column":2}},"8":{"start":{"line":35,"column":8},"end":{"line":35,"column":17}},"9":{"start":{"line":40,"column":8},"end":{"line":40,"column":17}},"10":{"start":{"line":43,"column":8},"end":{"line":43,"column":17}},"11":{"start":{"line":47,"column":0},"end":{"line":54,"column":2}}},"fnMap":{"0":{"name":"(anonymous_0)","decl":{"start":{"line":6,"column":21},"end":{"line":6,"column":22}},"loc":{"start":{"line":8,"column":6},"end":{"line":31,"column":1}},"line":8},"1":{"name":"(anonymous_1)","decl":{"start":{"line":34,"column":14},"end":{"line":34,"column":15}},"loc":{"start":{"line":34,"column":21},"end":{"line":36,"column":5}},"line":34},"2":{"name":"(anonymous_2)","decl":{"start":{"line":39,"column":17},"end":{"line":39,"column":18}},"loc":{"start":{"line":39,"column":24},"end":{"line":41,"column":5}},"line":39},"3":{"name":"(anonymous_3)","decl":{"start":{"line":42,"column":12},"end":{"line":42,"column":13}},"loc":{"start":{"line":42,"column":19},"end":{"line":44,"column":5}},"line":42}},"branchMap":{"0":{"loc":{"start":{"line":7,"column":4},"end":{"line":7,"column":14}},"type":"default-arg","locations":[{"start":{"line":7,"column":12},"end":{"line":7,"column":14}}],"line":7},"1":{"loc":{"start":{"line":7,"column":16},"end":{"line":7,"column":33}},"type":"default-arg","locations":[{"start":{"line":7,"column":28},"end":{"line":7,"column":33}}],"line":7},"2":{"loc":{"start":{"line":7,"column":35},"end":{"line":7,"column":47}},"type":"default-arg","locations":[{"start":{"line":7,"column":42},"end":{"line":7,"column":47}}],"line":7},"3":{"loc":{"start":{"line":10,"column":4},"end":{"line":12,"column":5}},"type":"if","locations":[{"start":{"line":10,"column":4},"end":{"line":12,"column":5}},{"start":{"line":10,"column":4},"end":{"line":12,"column":5}}],"line":10},"4":{"loc":{"start":{"line":13,"column":4},"end":{"line":15,"column":5}},"type":"if","locations":[{"start":{"line":13,"column":4},"end":{"line":15,"column":5}},{"start":{"line":13,"column":4},"end":{"line":15,"column":5}}],"line":13}},"s":{"0":0,"1":0,"2":0,"3":0,"4":0,"5":0,"6":0,"7":0,"8":0,"9":0,"10":0,"11":0},"f":{"0":0,"1":0,"2":0,"3":0},"b":{"0":[0],"1":[0],"2":[0],"3":[0,0],"4":[0,0]}}
,"E:\\dwork\\todoRedux\\src\\scripts\\components\\todo-list-item\\index.js": {"path":"E:\\dwork\\todoRedux\\src\\scripts\\components\\todo-list-item\\index.js","statementMap":{},"fnMap":{},"branchMap":{},"s":{},"f":{},"b":{}}
,"E:\\dwork\\todoRedux\\src\\scripts\\components\\weather-changer\\WeatherChanger.js": {"path":"E:\\dwork\\todoRedux\\src\\scripts\\components\\weather-changer\\WeatherChanger.js","statementMap":{"0":{"start":{"line":55,"column":8},"end":{"line":55,"column":27}},"1":{"start":{"line":56,"column":29},"end":{"line":56,"column":39}},"2":{"start":{"line":57,"column":42},"end":{"line":57,"column":52}},"3":{"start":{"line":59,"column":8},"end":{"line":61,"column":9}},"4":{"start":{"line":60,"column":12},"end":{"line":60,"column":24}},"5":{"start":{"line":63,"column":8},"end":{"line":63,"column":44}},"6":{"start":{"line":65,"column":8},"end":{"line":67,"column":11}},"7":{"start":{"line":69,"column":8},"end":{"line":69,"column":20}},"8":{"start":{"line":73,"column":26},"end":{"line":73,"column":47}},"9":{"start":{"line":74,"column":26},"end":{"line":74,"column":39}},"10":{"start":{"line":76,"column":8},"end":{"line":84,"column":9}},"11":{"start":{"line":77,"column":12},"end":{"line":79,"column":15}},"12":{"start":{"line":81,"column":12},"end":{"line":83,"column":15}},"13":{"start":{"line":86,"column":8},"end":{"line":91,"column":11}},"14":{"start":{"line":87,"column":12},"end":{"line":90,"column":14}},"15":{"start":{"line":92,"column":8},"end":{"line":92,"column":20}},"16":{"start":{"line":96,"column":42},"end":{"line":96,"column":52}},"17":{"start":{"line":97,"column":25},"end":{"line":97,"column":111}},"18":{"start":{"line":98,"column":22},"end":{"line":98,"column":94}},"19":{"start":{"line":100,"column":8},"end":{"line":122,"column":10}},"20":{"start":{"line":126,"column":0},"end":{"line":129,"column":2}},"21":{"start":{"line":128,"column":23},"end":{"line":128,"column":32}},"22":{"start":{"line":131,"column":0},"end":{"line":134,"column":2}}},"fnMap":{"0":{"name":"(anonymous_0)","decl":{"start":{"line":54,"column":13},"end":{"line":54,"column":14}},"loc":{"start":{"line":54,"column":20},"end":{"line":70,"column":5}},"line":54},"1":{"name":"(anonymous_1)","decl":{"start":{"line":72,"column":15},"end":{"line":72,"column":16}},"loc":{"start":{"line":72,"column":22},"end":{"line":93,"column":5}},"line":72},"2":{"name":"(anonymous_2)","decl":{"start":{"line":86,"column":22},"end":{"line":86,"column":23}},"loc":{"start":{"line":86,"column":33},"end":{"line":91,"column":9}},"line":86},"3":{"name":"(anonymous_3)","decl":{"start":{"line":95,"column":4},"end":{"line":95,"column":5}},"loc":{"start":{"line":95,"column":13},"end":{"line":123,"column":5}},"line":95},"4":{"name":"(anonymous_4)","decl":{"start":{"line":128,"column":14},"end":{"line":128,"column":15}},"loc":{"start":{"line":128,"column":21},"end":{"line":128,"column":34}},"line":128}},"branchMap":{"0":{"loc":{"start":{"line":59,"column":8},"end":{"line":61,"column":9}},"type":"if","locations":[{"start":{"line":59,"column":8},"end":{"line":61,"column":9}},{"start":{"line":59,"column":8},"end":{"line":61,"column":9}}],"line":59},"1":{"loc":{"start":{"line":59,"column":12},"end":{"line":59,"column":36}},"type":"binary-expr","locations":[{"start":{"line":59,"column":12},"end":{"line":59,"column":22}},{"start":{"line":59,"column":26},"end":{"line":59,"column":36}}],"line":59},"2":{"loc":{"start":{"line":76,"column":8},"end":{"line":84,"column":9}},"type":"if","locations":[{"start":{"line":76,"column":8},"end":{"line":84,"column":9}},{"start":{"line":76,"column":8},"end":{"line":84,"column":9}}],"line":76},"3":{"loc":{"start":{"line":76,"column":12},"end":{"line":76,"column":93}},"type":"binary-expr","locations":[{"start":{"line":76,"column":12},"end":{"line":76,"column":42}},{"start":{"line":76,"column":47},"end":{"line":76,"column":67}},{"start":{"line":76,"column":71},"end":{"line":76,"column":92}}],"line":76},"4":{"loc":{"start":{"line":97,"column":25},"end":{"line":97,"column":111}},"type":"cond-expr","locations":[{"start":{"line":97,"column":40},"end":{"line":97,"column":104}},{"start":{"line":97,"column":107},"end":{"line":97,"column":111}}],"line":97},"5":{"loc":{"start":{"line":98,"column":65},"end":{"line":98,"column":92}},"type":"cond-expr","locations":[{"start":{"line":98,"column":80},"end":{"line":98,"column":87}},{"start":{"line":98,"column":90},"end":{"line":98,"column":92}}],"line":98}},"s":{"0":0,"1":0,"2":0,"3":0,"4":0,"5":0,"6":0,"7":0,"8":0,"9":0,"10":0,"11":0,"12":0,"13":0,"14":0,"15":0,"16":0,"17":0,"18":0,"19":0,"20":0,"21":0,"22":0},"f":{"0":0,"1":0,"2":0,"3":0,"4":0},"b":{"0":[0,0],"1":[0,0],"2":[0,0],"3":[0,0,0],"4":[0,0],"5":[0,0]}}
,"E:\\dwork\\todoRedux\\src\\scripts\\components\\weather-changer\\index.js": {"path":"E:\\dwork\\todoRedux\\src\\scripts\\components\\weather-changer\\index.js","statementMap":{},"fnMap":{},"branchMap":{},"s":{},"f":{},"b":{}}
,"E:\\dwork\\todoRedux\\src\\scripts\\components\\weather-details\\WeatherDetails.js": {"path":"E:\\dwork\\todoRedux\\src\\scripts\\components\\weather-details\\WeatherDetails.js","statementMap":{"0":{"start":{"line":5,"column":23},"end":{"line":26,"column":1}},"1":{"start":{"line":6,"column":27},"end":{"line":6,"column":31}},"2":{"start":{"line":8,"column":4},"end":{"line":25,"column":6}},"3":{"start":{"line":28,"column":0},"end":{"line":30,"column":2}},"4":{"start":{"line":32,"column":0},"end":{"line":34,"column":2}}},"fnMap":{"0":{"name":"(anonymous_0)","decl":{"start":{"line":5,"column":23},"end":{"line":5,"column":24}},"loc":{"start":{"line":5,"column":37},"end":{"line":26,"column":1}},"line":5}},"branchMap":{},"s":{"0":0,"1":0,"2":0,"3":0,"4":0},"f":{"0":0},"b":{}}
,"E:\\dwork\\todoRedux\\src\\scripts\\components\\weather-details\\index.js": {"path":"E:\\dwork\\todoRedux\\src\\scripts\\components\\weather-details\\index.js","statementMap":{},"fnMap":{},"branchMap":{},"s":{},"f":{},"b":{}}
,"E:\\dwork\\todoRedux\\src\\scripts\\constants\\constants.js": {"path":"E:\\dwork\\todoRedux\\src\\scripts\\constants\\constants.js","statementMap":{"0":{"start":{"line":1,"column":18},"end":{"line":12,"column":1}}},"fnMap":{},"branchMap":{},"s":{"0":1},"f":{},"b":{},"_coverageSchema":"43e27e138ebf9cfc5966b082cf9a028302ed4184","hash":"2623fcb39dce68ec6d60e8eafcc41c265b249282"}
,"E:\\dwork\\todoRedux\\src\\scripts\\constants\\index.js": {"path":"E:\\dwork\\todoRedux\\src\\scripts\\constants\\index.js","statementMap":{},"fnMap":{},"branchMap":{},"s":{},"f":{},"b":{},"_coverageSchema":"43e27e138ebf9cfc5966b082cf9a028302ed4184","hash":"5ad79a27f518aeb07979671b18aae124bbf53098"}
,"E:\\dwork\\todoRedux\\src\\scripts\\helpers\\funcHelpers.js": {"path":"E:\\dwork\\todoRedux\\src\\scripts\\helpers\\funcHelpers.js","statementMap":{"0":{"start":{"line":1,"column":14},"end":{"line":3,"column":1}},"1":{"start":{"line":2,"column":4},"end":{"line":2,"column":77}},"2":{"start":{"line":5,"column":23},"end":{"line":13,"column":1}},"3":{"start":{"line":6,"column":4},"end":{"line":12,"column":6}},"4":{"start":{"line":15,"column":20},"end":{"line":25,"column":1}},"5":{"start":{"line":16,"column":4},"end":{"line":24,"column":7}},"6":{"start":{"line":17,"column":8},"end":{"line":22,"column":9}},"7":{"start":{"line":18,"column":12},"end":{"line":21,"column":14}},"8":{"start":{"line":23,"column":8},"end":{"line":23,"column":20}},"9":{"start":{"line":27,"column":19},"end":{"line":31,"column":1}},"10":{"start":{"line":28,"column":4},"end":{"line":30,"column":7}},"11":{"start":{"line":29,"column":8},"end":{"line":29,"column":55}},"12":{"start":{"line":33,"column":19},"end":{"line":48,"column":1}},"13":{"start":{"line":34,"column":4},"end":{"line":47,"column":5}},"14":{"start":{"line":36,"column":12},"end":{"line":36,"column":24}},"15":{"start":{"line":38,"column":12},"end":{"line":40,"column":15}},"16":{"start":{"line":39,"column":16},"end":{"line":39,"column":33}},"17":{"start":{"line":42,"column":12},"end":{"line":44,"column":15}},"18":{"start":{"line":43,"column":16},"end":{"line":43,"column":34}},"19":{"start":{"line":46,"column":12},"end":{"line":46,"column":24}}},"fnMap":{"0":{"name":"(anonymous_0)","decl":{"start":{"line":1,"column":14},"end":{"line":1,"column":15}},"loc":{"start":{"line":1,"column":20},"end":{"line":3,"column":1}},"line":1},"1":{"name":"(anonymous_1)","decl":{"start":{"line":5,"column":23},"end":{"line":5,"column":24}},"loc":{"start":{"line":5,"column":38},"end":{"line":13,"column":1}},"line":5},"2":{"name":"(anonymous_2)","decl":{"start":{"line":15,"column":20},"end":{"line":15,"column":21}},"loc":{"start":{"line":15,"column":41},"end":{"line":25,"column":1}},"line":15},"3":{"name":"(anonymous_3)","decl":{"start":{"line":16,"column":21},"end":{"line":16,"column":22}},"loc":{"start":{"line":16,"column":31},"end":{"line":24,"column":5}},"line":16},"4":{"name":"(anonymous_4)","decl":{"start":{"line":27,"column":19},"end":{"line":27,"column":20}},"loc":{"start":{"line":27,"column":36},"end":{"line":31,"column":1}},"line":27},"5":{"name":"(anonymous_5)","decl":{"start":{"line":28,"column":23},"end":{"line":28,"column":24}},"loc":{"start":{"line":28,"column":33},"end":{"line":30,"column":5}},"line":28},"6":{"name":"(anonymous_6)","decl":{"start":{"line":33,"column":19},"end":{"line":33,"column":20}},"loc":{"start":{"line":33,"column":36},"end":{"line":48,"column":1}},"line":33},"7":{"name":"(anonymous_7)","decl":{"start":{"line":38,"column":31},"end":{"line":38,"column":32}},"loc":{"start":{"line":38,"column":41},"end":{"line":40,"column":13}},"line":38},"8":{"name":"(anonymous_8)","decl":{"start":{"line":42,"column":31},"end":{"line":42,"column":32}},"loc":{"start":{"line":42,"column":41},"end":{"line":44,"column":13}},"line":42}},"branchMap":{"0":{"loc":{"start":{"line":17,"column":8},"end":{"line":22,"column":9}},"type":"if","locations":[{"start":{"line":17,"column":8},"end":{"line":22,"column":9}},{"start":{"line":17,"column":8},"end":{"line":22,"column":9}}],"line":17},"1":{"loc":{"start":{"line":34,"column":4},"end":{"line":47,"column":5}},"type":"switch","locations":[{"start":{"line":35,"column":8},"end":{"line":36,"column":24}},{"start":{"line":37,"column":8},"end":{"line":40,"column":15}},{"start":{"line":41,"column":8},"end":{"line":44,"column":15}},{"start":{"line":45,"column":8},"end":{"line":46,"column":24}}],"line":34}},"s":{"0":2,"1":1,"2":2,"3":2,"4":2,"5":3,"6":3,"7":3,"8":0,"9":2,"10":1,"11":2,"12":2,"13":1,"14":0,"15":1,"16":2,"17":0,"18":0,"19":0},"f":{"0":1,"1":2,"2":3,"3":3,"4":1,"5":2,"6":1,"7":2,"8":0},"b":{"0":[3,0],"1":[0,1,0,0]},"_coverageSchema":"43e27e138ebf9cfc5966b082cf9a028302ed4184","hash":"f9dbedcfadfdaa85f22ab31b82baf0632c94f01f"}
,"E:\\dwork\\todoRedux\\src\\scripts\\helpers\\index.js": {"path":"E:\\dwork\\todoRedux\\src\\scripts\\helpers\\index.js","statementMap":{},"fnMap":{},"branchMap":{},"s":{},"f":{},"b":{},"_coverageSchema":"43e27e138ebf9cfc5966b082cf9a028302ed4184","hash":"e29e577189b713f12d3ddb4fc18b03a71207579a"}
,"E:\\dwork\\todoRedux\\src\\scripts\\initialState\\index.js": {"path":"E:\\dwork\\todoRedux\\src\\scripts\\initialState\\index.js","statementMap":{},"fnMap":{},"branchMap":{},"s":{},"f":{},"b":{}}
,"E:\\dwork\\todoRedux\\src\\scripts\\initialState\\initialState.js": {"path":"E:\\dwork\\todoRedux\\src\\scripts\\initialState\\initialState.js","statementMap":{"0":{"start":{"line":3,"column":21},"end":{"line":21,"column":1}}},"fnMap":{},"branchMap":{},"s":{"0":0},"f":{},"b":{}}
,"E:\\dwork\\todoRedux\\src\\scripts\\reducers\\index.js": {"path":"E:\\dwork\\todoRedux\\src\\scripts\\reducers\\index.js","statementMap":{},"fnMap":{},"branchMap":{},"s":{},"f":{},"b":{},"_coverageSchema":"43e27e138ebf9cfc5966b082cf9a028302ed4184","hash":"862978e7c7a8819e9c86171fbac8d98d15504ff6"}
,"E:\\dwork\\todoRedux\\src\\scripts\\reducers\\reducers.js": {"path":"E:\\dwork\\todoRedux\\src\\scripts\\reducers\\reducers.js","statementMap":{"0":{"start":{"line":5,"column":24},"end":{"line":25,"column":1}},"1":{"start":{"line":6,"column":30},"end":{"line":6,"column":36}},"2":{"start":{"line":8,"column":4},"end":{"line":24,"column":5}},"3":{"start":{"line":10,"column":12},"end":{"line":13,"column":14}},"4":{"start":{"line":15,"column":12},"end":{"line":17,"column":15}},"5":{"start":{"line":16,"column":16},"end":{"line":16,"column":43}},"6":{"start":{"line":19,"column":12},"end":{"line":19,"column":55}},"7":{"start":{"line":21,"column":12},"end":{"line":21,"column":60}},"8":{"start":{"line":23,"column":12},"end":{"line":23,"column":25}},"9":{"start":{"line":27,"column":27},"end":{"line":36,"column":1}},"10":{"start":{"line":28,"column":30},"end":{"line":28,"column":36}},"11":{"start":{"line":30,"column":4},"end":{"line":35,"column":5}},"12":{"start":{"line":32,"column":12},"end":{"line":32,"column":27}},"13":{"start":{"line":34,"column":12},"end":{"line":34,"column":25}},"14":{"start":{"line":38,"column":24},"end":{"line":47,"column":1}},"15":{"start":{"line":39,"column":30},"end":{"line":39,"column":36}},"16":{"start":{"line":41,"column":4},"end":{"line":46,"column":5}},"17":{"start":{"line":43,"column":12},"end":{"line":43,"column":27}},"18":{"start":{"line":45,"column":12},"end":{"line":45,"column":25}},"19":{"start":{"line":49,"column":27},"end":{"line":61,"column":1}},"20":{"start":{"line":50,"column":30},"end":{"line":50,"column":36}},"21":{"start":{"line":52,"column":4},"end":{"line":60,"column":5}},"22":{"start":{"line":54,"column":12},"end":{"line":57,"column":14}},"23":{"start":{"line":59,"column":12},"end":{"line":59,"column":25}},"24":{"start":{"line":63,"column":29},"end":{"line":74,"column":1}},"25":{"start":{"line":64,"column":21},"end":{"line":64,"column":27}},"26":{"start":{"line":66,"column":4},"end":{"line":73,"column":5}},"27":{"start":{"line":68,"column":12},"end":{"line":68,"column":24}},"28":{"start":{"line":70,"column":12},"end":{"line":70,"column":25}},"29":{"start":{"line":72,"column":12},"end":{"line":72,"column":25}},"30":{"start":{"line":76,"column":19},"end":{"line":82,"column":2}}},"fnMap":{"0":{"name":"(anonymous_0)","decl":{"start":{"line":5,"column":24},"end":{"line":5,"column":25}},"loc":{"start":{"line":5,"column":48},"end":{"line":25,"column":1}},"line":5},"1":{"name":"(anonymous_1)","decl":{"start":{"line":15,"column":32},"end":{"line":15,"column":33}},"loc":{"start":{"line":15,"column":42},"end":{"line":17,"column":13}},"line":15},"2":{"name":"(anonymous_2)","decl":{"start":{"line":27,"column":27},"end":{"line":27,"column":28}},"loc":{"start":{"line":27,"column":51},"end":{"line":36,"column":1}},"line":27},"3":{"name":"(anonymous_3)","decl":{"start":{"line":38,"column":24},"end":{"line":38,"column":25}},"loc":{"start":{"line":38,"column":51},"end":{"line":47,"column":1}},"line":38},"4":{"name":"(anonymous_4)","decl":{"start":{"line":49,"column":27},"end":{"line":49,"column":28}},"loc":{"start":{"line":49,"column":51},"end":{"line":61,"column":1}},"line":49},"5":{"name":"(anonymous_5)","decl":{"start":{"line":63,"column":29},"end":{"line":63,"column":30}},"loc":{"start":{"line":63,"column":56},"end":{"line":74,"column":1}},"line":63}},"branchMap":{"0":{"loc":{"start":{"line":5,"column":25},"end":{"line":5,"column":35}},"type":"default-arg","locations":[{"start":{"line":5,"column":33},"end":{"line":5,"column":35}}],"line":5},"1":{"loc":{"start":{"line":8,"column":4},"end":{"line":24,"column":5}},"type":"switch","locations":[{"start":{"line":9,"column":8},"end":{"line":13,"column":14}},{"start":{"line":14,"column":8},"end":{"line":17,"column":15}},{"start":{"line":18,"column":8},"end":{"line":19,"column":55}},{"start":{"line":20,"column":8},"end":{"line":21,"column":60}},{"start":{"line":22,"column":8},"end":{"line":23,"column":25}}],"line":8},"2":{"loc":{"start":{"line":27,"column":28},"end":{"line":27,"column":38}},"type":"default-arg","locations":[{"start":{"line":27,"column":36},"end":{"line":27,"column":38}}],"line":27},"3":{"loc":{"start":{"line":30,"column":4},"end":{"line":35,"column":5}},"type":"switch","locations":[{"start":{"line":31,"column":8},"end":{"line":32,"column":27}},{"start":{"line":33,"column":8},"end":{"line":34,"column":25}}],"line":30},"4":{"loc":{"start":{"line":38,"column":25},"end":{"line":38,"column":38}},"type":"default-arg","locations":[{"start":{"line":38,"column":33},"end":{"line":38,"column":38}}],"line":38},"5":{"loc":{"start":{"line":41,"column":4},"end":{"line":46,"column":5}},"type":"switch","locations":[{"start":{"line":42,"column":8},"end":{"line":43,"column":27}},{"start":{"line":44,"column":8},"end":{"line":45,"column":25}}],"line":41},"6":{"loc":{"start":{"line":49,"column":28},"end":{"line":49,"column":38}},"type":"default-arg","locations":[{"start":{"line":49,"column":36},"end":{"line":49,"column":38}}],"line":49},"7":{"loc":{"start":{"line":52,"column":4},"end":{"line":60,"column":5}},"type":"switch","locations":[{"start":{"line":53,"column":8},"end":{"line":57,"column":14}},{"start":{"line":58,"column":8},"end":{"line":59,"column":25}}],"line":52},"8":{"loc":{"start":{"line":63,"column":30},"end":{"line":63,"column":43}},"type":"default-arg","locations":[{"start":{"line":63,"column":38},"end":{"line":63,"column":43}}],"line":63},"9":{"loc":{"start":{"line":66,"column":4},"end":{"line":73,"column":5}},"type":"switch","locations":[{"start":{"line":67,"column":8},"end":{"line":68,"column":24}},{"start":{"line":69,"column":8},"end":{"line":70,"column":25}},{"start":{"line":71,"column":8},"end":{"line":72,"column":25}}],"line":66}},"s":{"0":1,"1":6,"2":6,"3":1,"4":1,"5":1,"6":1,"7":1,"8":2,"9":1,"10":3,"11":3,"12":1,"13":2,"14":1,"15":3,"16":3,"17":1,"18":2,"19":1,"20":3,"21":3,"22":1,"23":2,"24":1,"25":3,"26":3,"27":0,"28":1,"29":2,"30":1},"f":{"0":6,"1":1,"2":3,"3":3,"4":3,"5":3},"b":{"0":[2],"1":[1,1,1,1,2],"2":[2],"3":[1,2],"4":[2],"5":[1,2],"6":[2],"7":[1,2],"8":[2],"9":[0,1,2]},"_coverageSchema":"43e27e138ebf9cfc5966b082cf9a028302ed4184","hash":"708faf7c863b64b5011486608378edfcf9621751"}
,"E:\\dwork\\todoRedux\\src\\scripts\\services\\index.js": {"path":"E:\\dwork\\todoRedux\\src\\scripts\\services\\index.js","statementMap":{},"fnMap":{},"branchMap":{},"s":{},"f":{},"b":{},"_coverageSchema":"43e27e138ebf9cfc5966b082cf9a028302ed4184","hash":"91a3cc926a61379879ac040e786f16673cdfb2f8"}
,"E:\\dwork\\todoRedux\\src\\scripts\\services\\weatherApiService.js": {"path":"E:\\dwork\\todoRedux\\src\\scripts\\services\\weatherApiService.js","statementMap":{"0":{"start":{"line":13,"column":25},"end":{"line":13,"column":101}},"1":{"start":{"line":16,"column":8},"end":{"line":18,"column":9}},"2":{"start":{"line":17,"column":12},"end":{"line":17,"column":96}},"3":{"start":{"line":20,"column":31},"end":{"line":20,"column":52}},"4":{"start":{"line":22,"column":8},"end":{"line":22,"column":30}}},"fnMap":{"0":{"name":"(anonymous_0)","decl":{"start":{"line":12,"column":14},"end":{"line":12,"column":15}},"loc":{"start":{"line":12,"column":34},"end":{"line":23,"column":5}},"line":12}},"branchMap":{"0":{"loc":{"start":{"line":16,"column":8},"end":{"line":18,"column":9}},"type":"if","locations":[{"start":{"line":16,"column":8},"end":{"line":18,"column":9}},{"start":{"line":16,"column":8},"end":{"line":18,"column":9}}],"line":16},"1":{"loc":{"start":{"line":16,"column":12},"end":{"line":16,"column":51}},"type":"binary-expr","locations":[{"start":{"line":16,"column":12},"end":{"line":16,"column":24}},{"start":{"line":16,"column":28},"end":{"line":16,"column":51}}],"line":16}},"s":{"0":1,"1":1,"2":0,"3":1,"4":1},"f":{"0":1},"b":{"0":[0,1],"1":[1,1]},"_coverageSchema":"43e27e138ebf9cfc5966b082cf9a028302ed4184","hash":"0f80fa91fdfee2e6b59e46bb59aa4aa43f3420cf"}
,"E:\\dwork\\todoRedux\\src\\scripts\\store\\index.js": {"path":"E:\\dwork\\todoRedux\\src\\scripts\\store\\index.js","statementMap":{},"fnMap":{},"branchMap":{},"s":{},"f":{},"b":{}}
,"E:\\dwork\\todoRedux\\src\\scripts\\store\\store.js": {"path":"E:\\dwork\\todoRedux\\src\\scripts\\store\\store.js","statementMap":{"0":{"start":{"line":16,"column":14},"end":{"line":20,"column":1}},"1":{"start":{"line":22,"column":34},"end":{"line":26,"column":2}},"2":{"start":{"line":23,"column":4},"end":{"line":23,"column":67}},"3":{"start":{"line":24,"column":4},"end":{"line":24,"column":34}},"4":{"start":{"line":25,"column":4},"end":{"line":25,"column":16}}},"fnMap":{"0":{"name":"(anonymous_0)","decl":{"start":{"line":22,"column":50},"end":{"line":22,"column":51}},"loc":{"start":{"line":22,"column":56},"end":{"line":26,"column":1}},"line":22}},"branchMap":{"0":{"loc":{"start":{"line":18,"column":4},"end":{"line":18,"column":88}},"type":"cond-expr","locations":[{"start":{"line":18,"column":34},"end":{"line":18,"column":73}},{"start":{"line":18,"column":76},"end":{"line":18,"column":88}}],"line":18}},"s":{"0":0,"1":0,"2":0,"3":0,"4":0},"f":{"0":0},"b":{"0":[0,0]}}
}
